[2023-12-17T23:43:40.106+0000] {manager.py:487} INFO - Processing files using up to 2 processes at a time 
[2023-12-17T23:43:40.107+0000] {manager.py:488} INFO - Process each file at most once every 10 seconds
[2023-12-17T23:43:40.107+0000] {manager.py:489} INFO - Checking for new files in /opt/airflow/dags every 300 seconds
[2023-12-17T23:43:40.108+0000] {manager.py:755} INFO - Searching for files in /opt/airflow/dags
[2023-12-17T23:43:40.128+0000] {manager.py:758} INFO - There are 1 files in /opt/airflow/dags
[2023-12-17T23:43:40.292+0000] {manager.py:887} INFO - 
================================================================================
DAG File Processing Stats

File Path                           PID  Runtime      # DAGs    # Errors  Last Runtime    Last Run
--------------------------------  -----  ---------  --------  ----------  --------------  ----------
/opt/airflow/dags/dag_spotify.py    170  0.04s             0           0
================================================================================
[2023-12-17T23:44:10.523+0000] {manager.py:887} INFO - 
================================================================================
DAG File Processing Stats

File Path                         PID    Runtime      # DAGs    # Errors  Last Runtime    Last Run
--------------------------------  -----  ---------  --------  ----------  --------------  -------------------
/opt/airflow/dags/dag_spotify.py                           1           0  5.76s           2023-12-17T23:44:02
================================================================================
[2023-12-17T23:44:40.815+0000] {manager.py:887} INFO - 
================================================================================
DAG File Processing Stats

File Path                         PID    Runtime      # DAGs    # Errors  Last Runtime    Last Run
--------------------------------  -----  ---------  --------  ----------  --------------  -------------------
/opt/airflow/dags/dag_spotify.py                           1           0  5.72s           2023-12-17T23:44:33
================================================================================
[2023-12-17T23:45:11.290+0000] {manager.py:887} INFO - 
================================================================================
DAG File Processing Stats

File Path                         PID    Runtime      # DAGs    # Errors  Last Runtime    Last Run
--------------------------------  -----  ---------  --------  ----------  --------------  -------------------
/opt/airflow/dags/dag_spotify.py                           1           0  5.95s           2023-12-17T23:45:05
================================================================================
[2023-12-17T23:45:41.602+0000] {manager.py:887} INFO - 
================================================================================
DAG File Processing Stats

File Path                         PID    Runtime      # DAGs    # Errors  Last Runtime    Last Run
--------------------------------  -----  ---------  --------  ----------  --------------  -------------------
/opt/airflow/dags/dag_spotify.py                           1           0  5.78s           2023-12-17T23:45:37
================================================================================
[2023-12-17T23:46:11.945+0000] {manager.py:887} INFO - 
================================================================================
DAG File Processing Stats

File Path                         PID    Runtime      # DAGs    # Errors  Last Runtime    Last Run
--------------------------------  -----  ---------  --------  ----------  --------------  -------------------
/opt/airflow/dags/dag_spotify.py                           1           0  5.76s           2023-12-17T23:46:09
================================================================================
[2023-12-17T23:46:42.169+0000] {manager.py:887} INFO - 
================================================================================
DAG File Processing Stats

File Path                         PID    Runtime      # DAGs    # Errors  Last Runtime    Last Run
--------------------------------  -----  ---------  --------  ----------  --------------  -------------------
/opt/airflow/dags/dag_spotify.py                           1           0  5.84s           2023-12-17T23:46:41
================================================================================
[2023-12-17T23:47:12.421+0000] {manager.py:887} INFO - 
================================================================================
DAG File Processing Stats

File Path                           PID  Runtime      # DAGs    # Errors  Last Runtime    Last Run
--------------------------------  -----  ---------  --------  ----------  --------------  -------------------
/opt/airflow/dags/dag_spotify.py    251  5.06s             1           0  5.99s           2023-12-17T23:46:57
================================================================================
[2023-12-17T23:47:42.933+0000] {manager.py:887} INFO - 
================================================================================
DAG File Processing Stats

File Path                           PID  Runtime      # DAGs    # Errors  Last Runtime    Last Run
--------------------------------  -----  ---------  --------  ----------  --------------  -------------------
/opt/airflow/dags/dag_spotify.py    263  3.92s             1           0  5.64s           2023-12-17T23:47:28
================================================================================
[2023-12-17T23:48:13.282+0000] {manager.py:887} INFO - 
================================================================================
DAG File Processing Stats

File Path                           PID  Runtime      # DAGs    # Errors  Last Runtime    Last Run
--------------------------------  -----  ---------  --------  ----------  --------------  -------------------
/opt/airflow/dags/dag_spotify.py    275  2.02s             1           0  6.10s           2023-12-17T23:48:01
================================================================================
[2023-12-17T23:48:40.529+0000] {manager.py:755} INFO - Searching for files in /opt/airflow/dags
[2023-12-17T23:48:40.600+0000] {manager.py:758} INFO - There are 1 files in /opt/airflow/dags
[2023-12-17T23:48:43.650+0000] {manager.py:887} INFO - 
================================================================================
DAG File Processing Stats

File Path                           PID  Runtime      # DAGs    # Errors  Last Runtime    Last Run
--------------------------------  -----  ---------  --------  ----------  --------------  -------------------
/opt/airflow/dags/dag_spotify.py    287  0.82s             1           0  5.65s           2023-12-17T23:48:32
================================================================================
[2023-12-17T23:49:14.170+0000] {manager.py:887} INFO - 
================================================================================
DAG File Processing Stats

File Path                         PID    Runtime      # DAGs    # Errors  Last Runtime    Last Run
--------------------------------  -----  ---------  --------  ----------  --------------  -------------------
/opt/airflow/dags/dag_spotify.py                           1           0  5.71s           2023-12-17T23:49:04
================================================================================
[2023-12-17T23:49:44.458+0000] {manager.py:887} INFO - 
================================================================================
DAG File Processing Stats

File Path                         PID    Runtime      # DAGs    # Errors  Last Runtime    Last Run
--------------------------------  -----  ---------  --------  ----------  --------------  -------------------
/opt/airflow/dags/dag_spotify.py                           1           0  5.96s           2023-12-17T23:49:36
================================================================================
[2023-12-17T23:50:14.554+0000] {manager.py:887} INFO - 
================================================================================
DAG File Processing Stats

File Path                         PID    Runtime      # DAGs    # Errors  Last Runtime    Last Run
--------------------------------  -----  ---------  --------  ----------  --------------  -------------------
/opt/airflow/dags/dag_spotify.py                           1           0  6.31s           2023-12-17T23:50:13
================================================================================
[2023-12-17T23:50:44.594+0000] {manager.py:887} INFO - 
================================================================================
DAG File Processing Stats

File Path                         PID    Runtime      # DAGs    # Errors  Last Runtime    Last Run
--------------------------------  -----  ---------  --------  ----------  --------------  -------------------
/opt/airflow/dags/dag_spotify.py                           1           0  6.20s           2023-12-17T23:50:44
================================================================================
[2023-12-17T23:51:15.355+0000] {manager.py:887} INFO - 
================================================================================
DAG File Processing Stats

File Path                           PID  Runtime      # DAGs    # Errors  Last Runtime    Last Run
--------------------------------  -----  ---------  --------  ----------  --------------  -------------------
/opt/airflow/dags/dag_spotify.py    593  4.05s             1           0  8.35s           2023-12-17T23:51:10
================================================================================
[2023-12-17T23:51:46.240+0000] {manager.py:887} INFO - 
================================================================================
DAG File Processing Stats

File Path                           PID  Runtime      # DAGs    # Errors  Last Runtime    Last Run
--------------------------------  -----  ---------  --------  ----------  --------------  -------------------
/opt/airflow/dags/dag_spotify.py    713  3.27s             1           0  8.18s           2023-12-17T23:51:42
================================================================================
[2023-12-17T23:52:16.668+0000] {manager.py:887} INFO - 
================================================================================
DAG File Processing Stats

File Path                           PID  Runtime      # DAGs    # Errors  Last Runtime    Last Run
--------------------------------  -----  ---------  --------  ----------  --------------  -------------------
/opt/airflow/dags/dag_spotify.py    833  2.15s             1           0  6.72s           2023-12-17T23:52:13
================================================================================
[2023-12-17T23:52:47.173+0000] {manager.py:887} INFO - 
================================================================================
DAG File Processing Stats

File Path                           PID  Runtime      # DAGs    # Errors  Last Runtime    Last Run
--------------------------------  -----  ---------  --------  ----------  --------------  -------------------
/opt/airflow/dags/dag_spotify.py    932  8.84s             1           0  5.75s           2023-12-17T23:52:36
================================================================================
[2023-12-17T23:53:18.042+0000] {manager.py:887} INFO - 
================================================================================
DAG File Processing Stats

File Path                           PID  Runtime      # DAGs    # Errors  Last Runtime    Last Run
--------------------------------  -----  ---------  --------  ----------  --------------  -------------------
/opt/airflow/dags/dag_spotify.py   1052  5.04s             1           0  6.51s           2023-12-17T23:53:11
================================================================================
[2023-12-17T23:53:40.688+0000] {manager.py:755} INFO - Searching for files in /opt/airflow/dags
[2023-12-17T23:53:40.718+0000] {manager.py:758} INFO - There are 1 files in /opt/airflow/dags
[2023-12-17T23:53:48.702+0000] {manager.py:887} INFO - 
================================================================================
DAG File Processing Stats

File Path                           PID  Runtime      # DAGs    # Errors  Last Runtime    Last Run
--------------------------------  -----  ---------  --------  ----------  --------------  -------------------
/opt/airflow/dags/dag_spotify.py   1172  3.03s             1           0  6.32s           2023-12-17T23:53:43
================================================================================
[2023-12-17T23:54:19.133+0000] {manager.py:887} INFO - 
================================================================================
DAG File Processing Stats

File Path                           PID  Runtime      # DAGs    # Errors  Last Runtime    Last Run
--------------------------------  -----  ---------  --------  ----------  --------------  -------------------
/opt/airflow/dags/dag_spotify.py   1292  1.01s             1           0  6.42s           2023-12-17T23:54:16
================================================================================
[2023-12-17T23:54:49.702+0000] {manager.py:887} INFO - 
================================================================================
DAG File Processing Stats

File Path                           PID  Runtime      # DAGs    # Errors  Last Runtime    Last Run
--------------------------------  -----  ---------  --------  ----------  --------------  -------------------
/opt/airflow/dags/dag_spotify.py   1373  5.04s             1           0  5.99s           2023-12-17T23:54:44
================================================================================
[2023-12-17T23:55:20.251+0000] {manager.py:887} INFO - 
================================================================================
DAG File Processing Stats

File Path                         PID    Runtime      # DAGs    # Errors  Last Runtime    Last Run
--------------------------------  -----  ---------  --------  ----------  --------------  -------------------
/opt/airflow/dags/dag_spotify.py                           1           0  5.98s           2023-12-17T23:55:20
================================================================================
[2023-12-17T23:55:50.710+0000] {manager.py:887} INFO - 
================================================================================
DAG File Processing Stats

File Path                           PID  Runtime      # DAGs    # Errors  Last Runtime    Last Run
--------------------------------  -----  ---------  --------  ----------  --------------  -------------------
/opt/airflow/dags/dag_spotify.py   1599  4.67s             1           0  5.60s           2023-12-17T23:55:35
================================================================================
[2023-12-17T23:56:21.165+0000] {manager.py:887} INFO - 
================================================================================
DAG File Processing Stats

File Path                           PID  Runtime      # DAGs    # Errors  Last Runtime    Last Run
--------------------------------  -----  ---------  --------  ----------  --------------  -------------------
/opt/airflow/dags/dag_spotify.py   1699  3.03s             1           0  5.76s           2023-12-17T23:56:08
================================================================================
[2023-12-17T23:56:51.712+0000] {manager.py:887} INFO - 
================================================================================
DAG File Processing Stats

File Path                           PID  Runtime      # DAGs    # Errors  Last Runtime    Last Run
--------------------------------  -----  ---------  --------  ----------  --------------  -------------------
/opt/airflow/dags/dag_spotify.py   1807  1.93s             1           0  5.70s           2023-12-17T23:56:39
================================================================================
[2023-12-17T23:57:21.756+0000] {manager.py:887} INFO - 
================================================================================
DAG File Processing Stats

File Path                           PID  Runtime      # DAGs    # Errors  Last Runtime    Last Run
--------------------------------  -----  ---------  --------  ----------  --------------  -------------------
/opt/airflow/dags/dag_spotify.py   1912  0.00s             1           0  5.88s           2023-12-17T23:57:11
================================================================================
[2023-12-17T23:57:52.225+0000] {manager.py:887} INFO - 
================================================================================
DAG File Processing Stats

File Path                         PID    Runtime      # DAGs    # Errors  Last Runtime    Last Run
--------------------------------  -----  ---------  --------  ----------  --------------  -------------------
/opt/airflow/dags/dag_spotify.py                           1           0  5.63s           2023-12-17T23:57:43
================================================================================
[2023-12-17T23:58:22.262+0000] {manager.py:887} INFO - 
================================================================================
DAG File Processing Stats

File Path                         PID    Runtime      # DAGs    # Errors  Last Runtime    Last Run
--------------------------------  -----  ---------  --------  ----------  --------------  -------------------
/opt/airflow/dags/dag_spotify.py                           1           0  5.82s           2023-12-17T23:58:15
================================================================================
[2023-12-17T23:58:41.150+0000] {manager.py:755} INFO - Searching for files in /opt/airflow/dags
[2023-12-17T23:58:41.211+0000] {manager.py:758} INFO - There are 1 files in /opt/airflow/dags
[2023-12-17T23:58:52.758+0000] {manager.py:887} INFO - 
================================================================================
DAG File Processing Stats

File Path                         PID    Runtime      # DAGs    # Errors  Last Runtime    Last Run
--------------------------------  -----  ---------  --------  ----------  --------------  -------------------
/opt/airflow/dags/dag_spotify.py                           1           0  5.70s           2023-12-17T23:58:46
================================================================================
[2023-12-17T23:59:22.902+0000] {manager.py:887} INFO - 
================================================================================
DAG File Processing Stats

File Path                         PID    Runtime      # DAGs    # Errors  Last Runtime    Last Run
--------------------------------  -----  ---------  --------  ----------  --------------  -------------------
/opt/airflow/dags/dag_spotify.py                           1           0  5.95s           2023-12-17T23:59:18
================================================================================
[2023-12-17T23:59:53.386+0000] {manager.py:887} INFO - 
================================================================================
DAG File Processing Stats

File Path                         PID    Runtime      # DAGs    # Errors  Last Runtime    Last Run
--------------------------------  -----  ---------  --------  ----------  --------------  -------------------
/opt/airflow/dags/dag_spotify.py                           1           0  5.94s           2023-12-17T23:59:51
================================================================================
[2023-12-18T00:00:23.771+0000] {manager.py:887} INFO - 
================================================================================
DAG File Processing Stats

File Path                           PID  Runtime      # DAGs    # Errors  Last Runtime    Last Run
--------------------------------  -----  ---------  --------  ----------  --------------  -------------------
/opt/airflow/dags/dag_spotify.py   2504  4.88s             1           0  7.32s           2023-12-18T00:00:08
================================================================================
[2023-12-18T00:00:53.888+0000] {manager.py:887} INFO - 
================================================================================
DAG File Processing Stats

File Path                           PID  Runtime      # DAGs    # Errors  Last Runtime    Last Run
--------------------------------  -----  ---------  --------  ----------  --------------  -------------------
/opt/airflow/dags/dag_spotify.py   2612  0.87s             1           0  6.14s           2023-12-18T00:00:42
================================================================================
[2023-12-18T00:01:24.245+0000] {manager.py:887} INFO - 
================================================================================
DAG File Processing Stats

File Path                         PID    Runtime      # DAGs    # Errors  Last Runtime    Last Run
--------------------------------  -----  ---------  --------  ----------  --------------  -------------------
/opt/airflow/dags/dag_spotify.py                           1           0  6.93s           2023-12-18T00:01:16
================================================================================
[2023-12-18T00:01:54.496+0000] {manager.py:887} INFO - 
================================================================================
DAG File Processing Stats

File Path                         PID    Runtime      # DAGs    # Errors  Last Runtime    Last Run
--------------------------------  -----  ---------  --------  ----------  --------------  -------------------
/opt/airflow/dags/dag_spotify.py                           1           0  6.74s           2023-12-18T00:01:50
================================================================================
[2023-12-18T00:02:24.983+0000] {manager.py:887} INFO - 
================================================================================
DAG File Processing Stats

File Path                         PID    Runtime      # DAGs    # Errors  Last Runtime    Last Run
--------------------------------  -----  ---------  --------  ----------  --------------  -------------------
/opt/airflow/dags/dag_spotify.py                           1           0  7.30s           2023-12-18T00:02:17
================================================================================
[2023-12-18T00:02:55.000+0000] {manager.py:887} INFO - 
================================================================================
DAG File Processing Stats

File Path                         PID    Runtime      # DAGs    # Errors  Last Runtime    Last Run
--------------------------------  -----  ---------  --------  ----------  --------------  -------------------
/opt/airflow/dags/dag_spotify.py                           1           0  6.13s           2023-12-18T00:02:49
================================================================================
[2023-12-18T00:03:25.369+0000] {manager.py:887} INFO - 
================================================================================
DAG File Processing Stats

File Path                         PID    Runtime      # DAGs    # Errors  Last Runtime    Last Run
--------------------------------  -----  ---------  --------  ----------  --------------  -------------------
/opt/airflow/dags/dag_spotify.py                           1           0  5.76s           2023-12-18T00:03:20
================================================================================
[2023-12-18T00:03:41.515+0000] {manager.py:755} INFO - Searching for files in /opt/airflow/dags
[2023-12-18T00:03:41.569+0000] {manager.py:758} INFO - There are 1 files in /opt/airflow/dags
[2023-12-18T00:03:55.611+0000] {manager.py:887} INFO - 
================================================================================
DAG File Processing Stats

File Path                         PID    Runtime      # DAGs    # Errors  Last Runtime    Last Run
--------------------------------  -----  ---------  --------  ----------  --------------  -------------------
/opt/airflow/dags/dag_spotify.py                           1           0  5.85s           2023-12-18T00:03:52
================================================================================
[2023-12-18T00:04:25.799+0000] {manager.py:887} INFO - 
================================================================================
DAG File Processing Stats

File Path                         PID    Runtime      # DAGs    # Errors  Last Runtime    Last Run
--------------------------------  -----  ---------  --------  ----------  --------------  -------------------
/opt/airflow/dags/dag_spotify.py                           1           0  5.90s           2023-12-18T00:04:24
================================================================================
[2023-12-18T00:04:55.829+0000] {manager.py:887} INFO - 
================================================================================
DAG File Processing Stats

File Path                           PID  Runtime      # DAGs    # Errors  Last Runtime    Last Run
--------------------------------  -----  ---------  --------  ----------  --------------  -------------------
/opt/airflow/dags/dag_spotify.py   2996  5.06s             1           0  5.75s           2023-12-18T00:04:40
================================================================================
[2023-12-18T00:05:26.341+0000] {manager.py:887} INFO - 
================================================================================
DAG File Processing Stats

File Path                           PID  Runtime      # DAGs    # Errors  Last Runtime    Last Run
--------------------------------  -----  ---------  --------  ----------  --------------  -------------------
/opt/airflow/dags/dag_spotify.py   3008  3.03s             1           0  6.53s           2023-12-18T00:05:13
================================================================================
[2023-12-18T00:05:56.640+0000] {manager.py:887} INFO - 
================================================================================
DAG File Processing Stats

File Path                           PID  Runtime      # DAGs    # Errors  Last Runtime    Last Run
--------------------------------  -----  ---------  --------  ----------  --------------  -------------------
/opt/airflow/dags/dag_spotify.py   3020  0.89s             1           0  5.66s           2023-12-18T00:05:45
================================================================================
[2023-12-18T00:06:26.670+0000] {manager.py:887} INFO - 
================================================================================
DAG File Processing Stats

File Path                         PID    Runtime      # DAGs    # Errors  Last Runtime    Last Run
--------------------------------  -----  ---------  --------  ----------  --------------  -------------------
/opt/airflow/dags/dag_spotify.py                           1           0  5.93s           2023-12-18T00:06:17
================================================================================
[2023-12-18T00:06:57.383+0000] {manager.py:887} INFO - 
================================================================================
DAG File Processing Stats

File Path                           PID  Runtime      # DAGs    # Errors  Last Runtime    Last Run
--------------------------------  -----  ---------  --------  ----------  --------------  -------------------
/opt/airflow/dags/dag_spotify.py   3044  0.01s             1           0  5.73s           2023-12-18T00:06:49
================================================================================
[2023-12-18T00:07:27.785+0000] {manager.py:887} INFO - 
================================================================================
DAG File Processing Stats

File Path                           PID  Runtime      # DAGs    # Errors  Last Runtime    Last Run
--------------------------------  -----  ---------  --------  ----------  --------------  -------------------
/opt/airflow/dags/dag_spotify.py   3095  1.01s             1           0  5.93s           2023-12-18T00:07:16
================================================================================
[2023-12-18T00:07:58.505+0000] {manager.py:887} INFO - 
================================================================================
DAG File Processing Stats

File Path                           PID  Runtime      # DAGs    # Errors  Last Runtime    Last Run
--------------------------------  -----  ---------  --------  ----------  --------------  -------------------
/opt/airflow/dags/dag_spotify.py   3113  0.00s             1           0  5.83s           2023-12-18T00:07:48
================================================================================
[2023-12-18T00:08:28.767+0000] {manager.py:887} INFO - 
================================================================================
DAG File Processing Stats

File Path                         PID    Runtime      # DAGs    # Errors  Last Runtime    Last Run
--------------------------------  -----  ---------  --------  ----------  --------------  -------------------
/opt/airflow/dags/dag_spotify.py                           1           0  5.53s           2023-12-18T00:08:19
================================================================================
[2023-12-18T00:08:41.517+0000] {manager.py:755} INFO - Searching for files in /opt/airflow/dags
[2023-12-18T00:08:41.555+0000] {manager.py:758} INFO - There are 1 files in /opt/airflow/dags
[2023-12-18T00:08:58.827+0000] {manager.py:887} INFO - 
================================================================================
DAG File Processing Stats

File Path                         PID    Runtime      # DAGs    # Errors  Last Runtime    Last Run
--------------------------------  -----  ---------  --------  ----------  --------------  -------------------
/opt/airflow/dags/dag_spotify.py                           1           0  6.29s           2023-12-18T00:08:51
================================================================================
[2023-12-18T00:09:29.087+0000] {manager.py:887} INFO - 
================================================================================
DAG File Processing Stats

File Path                         PID    Runtime      # DAGs    # Errors  Last Runtime    Last Run
--------------------------------  -----  ---------  --------  ----------  --------------  -------------------
/opt/airflow/dags/dag_spotify.py                           1           0  5.92s           2023-12-18T00:09:23
================================================================================
[2023-12-18T00:09:59.190+0000] {manager.py:887} INFO - 
================================================================================
DAG File Processing Stats

File Path                         PID    Runtime      # DAGs    # Errors  Last Runtime    Last Run
--------------------------------  -----  ---------  --------  ----------  --------------  -------------------
/opt/airflow/dags/dag_spotify.py                           1           0  5.68s           2023-12-18T00:09:55
================================================================================
[2023-12-18T00:10:29.784+0000] {manager.py:887} INFO - 
================================================================================
DAG File Processing Stats

File Path                         PID    Runtime      # DAGs    # Errors  Last Runtime    Last Run
--------------------------------  -----  ---------  --------  ----------  --------------  -------------------
/opt/airflow/dags/dag_spotify.py                           1           0  5.77s           2023-12-18T00:10:26
================================================================================
[2023-12-18T00:10:59.811+0000] {manager.py:887} INFO - 
================================================================================
DAG File Processing Stats

File Path                         PID    Runtime      # DAGs    # Errors  Last Runtime    Last Run
--------------------------------  -----  ---------  --------  ----------  --------------  -------------------
/opt/airflow/dags/dag_spotify.py                           1           0  6.19s           2023-12-18T00:10:58
================================================================================
[2023-12-18T00:11:30.080+0000] {manager.py:887} INFO - 
================================================================================
DAG File Processing Stats

File Path                           PID  Runtime      # DAGs    # Errors  Last Runtime    Last Run
--------------------------------  -----  ---------  --------  ----------  --------------  -------------------
/opt/airflow/dags/dag_spotify.py   3191  5.35s             1           0  5.71s           2023-12-18T00:11:14
================================================================================
[2023-12-18T00:12:00.348+0000] {manager.py:887} INFO - 
================================================================================
DAG File Processing Stats

File Path                           PID  Runtime      # DAGs    # Errors  Last Runtime    Last Run
--------------------------------  -----  ---------  --------  ----------  --------------  -------------------
/opt/airflow/dags/dag_spotify.py   3203  3.82s             1           0  5.82s           2023-12-18T00:11:46
================================================================================
[2023-12-18T00:12:30.528+0000] {manager.py:887} INFO - 
================================================================================
DAG File Processing Stats

File Path                           PID  Runtime      # DAGs    # Errors  Last Runtime    Last Run
--------------------------------  -----  ---------  --------  ----------  --------------  -------------------
/opt/airflow/dags/dag_spotify.py   3215  2.03s             1           0  5.94s           2023-12-18T00:12:18
================================================================================
[2023-12-18T00:13:00.612+0000] {manager.py:887} INFO - 
================================================================================
DAG File Processing Stats

File Path                           PID  Runtime      # DAGs    # Errors  Last Runtime    Last Run
--------------------------------  -----  ---------  --------  ----------  --------------  -------------------
/opt/airflow/dags/dag_spotify.py   3227  0.00s             1           0  5.85s           2023-12-18T00:12:50
================================================================================
[2023-12-18T00:13:30.923+0000] {manager.py:887} INFO - 
================================================================================
DAG File Processing Stats

File Path                         PID    Runtime      # DAGs    # Errors  Last Runtime    Last Run
--------------------------------  -----  ---------  --------  ----------  --------------  -------------------
/opt/airflow/dags/dag_spotify.py                           1           0  6.16s           2023-12-18T00:13:22
================================================================================
[2023-12-18T00:13:41.847+0000] {manager.py:755} INFO - Searching for files in /opt/airflow/dags
[2023-12-18T00:13:41.870+0000] {manager.py:758} INFO - There are 1 files in /opt/airflow/dags
[2023-12-18T00:14:01.059+0000] {manager.py:887} INFO - 
================================================================================
DAG File Processing Stats

File Path                         PID    Runtime      # DAGs    # Errors  Last Runtime    Last Run
--------------------------------  -----  ---------  --------  ----------  --------------  -------------------
/opt/airflow/dags/dag_spotify.py                           1           0  7.21s           2023-12-18T00:13:57
================================================================================
[2023-12-18T00:14:31.536+0000] {manager.py:887} INFO - 
================================================================================
DAG File Processing Stats

File Path                         PID    Runtime      # DAGs    # Errors  Last Runtime    Last Run
--------------------------------  -----  ---------  --------  ----------  --------------  -------------------
/opt/airflow/dags/dag_spotify.py                           1           0  5.84s           2023-12-18T00:14:29
================================================================================
[2023-12-18T00:15:01.817+0000] {manager.py:887} INFO - 
================================================================================
DAG File Processing Stats

File Path                           PID  Runtime      # DAGs    # Errors  Last Runtime    Last Run
--------------------------------  -----  ---------  --------  ----------  --------------  -------------------
/opt/airflow/dags/dag_spotify.py   3269  5.76s             1           0  6.00s           2023-12-18T00:14:45
================================================================================
[2023-12-18T00:15:32.142+0000] {manager.py:887} INFO - 
================================================================================
DAG File Processing Stats

File Path                           PID  Runtime      # DAGs    # Errors  Last Runtime    Last Run
--------------------------------  -----  ---------  --------  ----------  --------------  -------------------
/opt/airflow/dags/dag_spotify.py   3281  4.57s             1           0  5.52s           2023-12-18T00:15:17
================================================================================
[2023-12-18T00:16:02.391+0000] {manager.py:887} INFO - 
================================================================================
DAG File Processing Stats

File Path                           PID  Runtime      # DAGs    # Errors  Last Runtime    Last Run
--------------------------------  -----  ---------  --------  ----------  --------------  -------------------
/opt/airflow/dags/dag_spotify.py   3293  3.44s             1           0  5.62s           2023-12-18T00:15:48
================================================================================
[2023-12-18T00:16:32.563+0000] {manager.py:887} INFO - 
================================================================================
DAG File Processing Stats

File Path                           PID  Runtime      # DAGs    # Errors  Last Runtime    Last Run
--------------------------------  -----  ---------  --------  ----------  --------------  -------------------
/opt/airflow/dags/dag_spotify.py   3305  2.02s             1           0  5.56s           2023-12-18T00:16:20
================================================================================
[2023-12-18T00:17:02.690+0000] {manager.py:887} INFO - 
================================================================================
DAG File Processing Stats

File Path                           PID  Runtime      # DAGs    # Errors  Last Runtime    Last Run
--------------------------------  -----  ---------  --------  ----------  --------------  -------------------
/opt/airflow/dags/dag_spotify.py   3317  1.01s             1           0  5.46s           2023-12-18T00:16:51
================================================================================
[2023-12-18T00:17:33.123+0000] {manager.py:887} INFO - 
================================================================================
DAG File Processing Stats

File Path                           PID  Runtime      # DAGs    # Errors  Last Runtime    Last Run
--------------------------------  -----  ---------  --------  ----------  --------------  -------------------
/opt/airflow/dags/dag_spotify.py   3329  0.00s             1           0  5.59s           2023-12-18T00:17:23
================================================================================
[2023-12-18T00:18:03.335+0000] {manager.py:887} INFO - 
================================================================================
DAG File Processing Stats

File Path                         PID    Runtime      # DAGs    # Errors  Last Runtime    Last Run
--------------------------------  -----  ---------  --------  ----------  --------------  -------------------
/opt/airflow/dags/dag_spotify.py                           1           0  5.51s           2023-12-18T00:17:54
================================================================================
[2023-12-18T00:18:33.751+0000] {manager.py:887} INFO - 
================================================================================
DAG File Processing Stats

File Path                         PID    Runtime      # DAGs    # Errors  Last Runtime    Last Run
--------------------------------  -----  ---------  --------  ----------  --------------  -------------------
/opt/airflow/dags/dag_spotify.py                           1           0  5.56s           2023-12-18T00:18:25
================================================================================
[2023-12-18T00:18:42.274+0000] {manager.py:755} INFO - Searching for files in /opt/airflow/dags
[2023-12-18T00:18:42.303+0000] {manager.py:758} INFO - There are 1 files in /opt/airflow/dags
[2023-12-18T00:19:03.896+0000] {manager.py:887} INFO - 
================================================================================
DAG File Processing Stats

File Path                         PID    Runtime      # DAGs    # Errors  Last Runtime    Last Run
--------------------------------  -----  ---------  --------  ----------  --------------  -------------------
/opt/airflow/dags/dag_spotify.py                           1           0  5.46s           2023-12-18T00:18:56
================================================================================
[2023-12-18T00:19:34.063+0000] {manager.py:887} INFO - 
================================================================================
DAG File Processing Stats

File Path                         PID    Runtime      # DAGs    # Errors  Last Runtime    Last Run
--------------------------------  -----  ---------  --------  ----------  --------------  -------------------
/opt/airflow/dags/dag_spotify.py                           1           0  5.22s           2023-12-18T00:19:28
================================================================================
[2023-12-18T00:20:04.266+0000] {manager.py:887} INFO - 
================================================================================
DAG File Processing Stats

File Path                         PID    Runtime      # DAGs    # Errors  Last Runtime    Last Run
--------------------------------  -----  ---------  --------  ----------  --------------  -------------------
/opt/airflow/dags/dag_spotify.py                           1           0  5.52s           2023-12-18T00:19:59
================================================================================
[2023-12-18T00:20:34.492+0000] {manager.py:887} INFO - 
================================================================================
DAG File Processing Stats

File Path                         PID    Runtime      # DAGs    # Errors  Last Runtime    Last Run
--------------------------------  -----  ---------  --------  ----------  --------------  -------------------
/opt/airflow/dags/dag_spotify.py                           1           0  5.59s           2023-12-18T00:20:30
================================================================================
[2023-12-18T00:21:05.003+0000] {manager.py:887} INFO - 
================================================================================
DAG File Processing Stats

File Path                         PID    Runtime      # DAGs    # Errors  Last Runtime    Last Run
--------------------------------  -----  ---------  --------  ----------  --------------  -------------------
/opt/airflow/dags/dag_spotify.py                           1           0  5.56s           2023-12-18T00:21:02
================================================================================
[2023-12-18T00:21:35.456+0000] {manager.py:887} INFO - 
================================================================================
DAG File Processing Stats

File Path                         PID    Runtime      # DAGs    # Errors  Last Runtime    Last Run
--------------------------------  -----  ---------  --------  ----------  --------------  -------------------
/opt/airflow/dags/dag_spotify.py                           1           0  5.61s           2023-12-18T00:21:33
================================================================================
[2023-12-18T00:22:05.623+0000] {manager.py:887} INFO - 
================================================================================
DAG File Processing Stats

File Path                         PID    Runtime      # DAGs    # Errors  Last Runtime    Last Run
--------------------------------  -----  ---------  --------  ----------  --------------  -------------------
/opt/airflow/dags/dag_spotify.py                           1           0  5.69s           2023-12-18T00:22:05
================================================================================
[2023-12-18T00:22:36.155+0000] {manager.py:887} INFO - 
================================================================================
DAG File Processing Stats

File Path                           PID  Runtime      # DAGs    # Errors  Last Runtime    Last Run
--------------------------------  -----  ---------  --------  ----------  --------------  -------------------
/opt/airflow/dags/dag_spotify.py   3443  4.72s             1           0  5.65s           2023-12-18T00:22:21
================================================================================
[2023-12-18T00:23:06.641+0000] {manager.py:887} INFO - 
================================================================================
DAG File Processing Stats

File Path                           PID  Runtime      # DAGs    # Errors  Last Runtime    Last Run
--------------------------------  -----  ---------  --------  ----------  --------------  -------------------
/opt/airflow/dags/dag_spotify.py   3455  3.76s             1           0  5.29s           2023-12-18T00:22:52
================================================================================
[2023-12-18T00:23:36.833+0000] {manager.py:887} INFO - 
================================================================================
DAG File Processing Stats

File Path                           PID  Runtime      # DAGs    # Errors  Last Runtime    Last Run
--------------------------------  -----  ---------  --------  ----------  --------------  -------------------
/opt/airflow/dags/dag_spotify.py   3467  3.02s             1           0  5.40s           2023-12-18T00:23:23
================================================================================
[2023-12-18T00:23:41.175+0000] {manager.py:469} INFO - Exiting gracefully upon receiving signal 15
